<?xml version="1.0" encoding="UTF-8"?>
<!-- Generated by org.testng.reporters.JUnitReportReporter -->
<testsuite hostname="DESKTOP-B5TOTMD" failures="0" tests="1" name="com.automation.testcases.TestCase3AppleFormValidation" time="46.096" errors="0" timestamp="2025-06-07T19:59:12 IST" skipped="0">
  <testcase classname="com.automation.testcases.TestCase3AppleFormValidation" name="testSubmitButtonValidation" time="46.096"/>
</testsuite> <!-- com.automation.testcases.TestCase3AppleFormValidation -->
