<?xml version="1.0" encoding="UTF-8"?>
<!-- Generated by org.testng.reporters.JUnitReportReporter -->
<testsuite hostname="DESKTOP-B5TOTMD" failures="0" tests="1" name="com.automation.testcases.TestCase2CartValidation" time="36.770" errors="0" timestamp="2025-06-07T20:18:10 IST" skipped="0">
  <testcase classname="com.automation.testcases.TestCase2CartValidation" name="testCartFunctionality" time="36.770"/>
</testsuite> <!-- com.automation.testcases.TestCase2CartValidation -->
